Traceback (most recent call last):
  File "C:\Users\User-PC\miniconda3\lib\site-packages\jupyter_cache\executors\utils.py", line 51, in single_nb_execution
    executenb(
  File "C:\Users\User-PC\miniconda3\lib\site-packages\nbclient\client.py", line 1204, in execute
    return NotebookClient(nb=nb, resources=resources, km=km, **kwargs).execute()
  File "C:\Users\User-PC\miniconda3\lib\site-packages\nbclient\util.py", line 84, in wrapped
    return just_run(coro(*args, **kwargs))
  File "C:\Users\User-PC\miniconda3\lib\site-packages\nbclient\util.py", line 62, in just_run
    return loop.run_until_complete(coro)
  File "C:\Users\User-PC\miniconda3\lib\asyncio\base_events.py", line 647, in run_until_complete
    return future.result()
  File "C:\Users\User-PC\miniconda3\lib\site-packages\nbclient\client.py", line 663, in async_execute
    await self.async_execute_cell(
  File "C:\Users\User-PC\miniconda3\lib\site-packages\nbclient\client.py", line 965, in async_execute_cell
    await self._check_raise_for_error(cell, cell_index, exec_reply)
  File "C:\Users\User-PC\miniconda3\lib\site-packages\nbclient\client.py", line 862, in _check_raise_for_error
    raise CellExecutionError.from_cell_and_msg(cell, exec_reply_content)
nbclient.exceptions.CellExecutionError: An error occurred while executing the following cell:
------------------
cred <- fromJSON(file="../hmd_credentials.json")
username <- cred$username
password <- cred$password

EWdata <- hmd.mx(country = "GBRTENW", username = username, 
                 password = password, label = "GBRTENW")

# central exposure data
EWMaleCenData <- StMoMoData(EWdata, series = "male")
EWFemaleCenData <- StMoMoData(EWdata, series = "female")
------------------

Error in function (type, msg, asError = TRUE) : Unknown SSL protocol error in connection to www.mortality.org:443 
Traceback:

1. hmd.mx(country = "GBRTENW", username = username, password = password, 
 .     label = "GBRTENW")
2. RCurl::getURL(path, userpwd = userpwd)
3. curlPerform(curl = curl, .opts = opts, .encoding = .encoding)
4. function (type, msg, asError = TRUE) 
 . {
 .     if (!is.character(type)) {
 .         i = match(type, CURLcodeValues)
 .         typeName = if (is.na(i)) 
 .             character()
 .         else names(CURLcodeValues)[i]
 .     }
 .     typeName = gsub("^CURLE_", "", typeName)
 .     fun = (if (asError) 
 .         stop
 .     else warning)
 .     fun(structure(list(message = msg, call = sys.call()), class = c(typeName, 
 .         "GenericCurlError", "error", "condition")))
 . }(35L, "Unknown SSL protocol error in connection to www.mortality.org:443 ", 
 .     TRUE)
ERROR: Error in function (type, msg, asError = TRUE) : Unknown SSL protocol error in connection to www.mortality.org:443 


